TN:
SF:src\core\AudioManager.js
FN:10,constructor
FN:19,_acordar
FN:30,nota
FN:50,_melodia
FN:51,(anonymous_4)
FN:56,encaixar
FN:57,remover
FN:58,clique
FN:59,executar
FN:60,passo
FN:61,girar
FN:62,chave
FN:63,vitoria
FN:64,erro
FN:65,estrela
FN:80,tocarMusicaDoMundo
FN:96,_carregarFaixa
FN:118,_tocarFaixa
FN:139,_iniciarMusica
FN:144,(anonymous_19)
FN:151,pararMusica
FN:169,alternar
FNF:22
FNH:21
FNDA:14,constructor
FNDA:30,_acordar
FNDA:26,nota
FNDA:5,_melodia
FNDA:17,(anonymous_4)
FNDA:1,encaixar
FNDA:1,remover
FNDA:3,clique
FNDA:1,executar
FNDA:1,passo
FNDA:1,girar
FNDA:1,chave
FNDA:2,vitoria
FNDA:1,erro
FNDA:1,estrela
FNDA:12,tocarMusicaDoMundo
FNDA:7,_carregarFaixa
FNDA:3,_tocarFaixa
FNDA:9,_iniciarMusica
FNDA:0,(anonymous_19)
FNDA:28,pararMusica
FNDA:2,alternar
DA:11,14
DA:12,14
DA:13,14
DA:14,14
DA:15,14
DA:16,14
DA:20,30
DA:21,1
DA:22,1
DA:23,0
DA:25,29
DA:26,29
DA:31,26
DA:32,22
DA:33,22
DA:35,21
DA:36,21
DA:37,21
DA:39,21
DA:40,21
DA:41,21
DA:42,21
DA:43,21
DA:45,21
DA:46,21
DA:47,21
DA:51,17
DA:56,1
DA:57,1
DA:58,3
DA:59,1
DA:60,1
DA:61,1
DA:62,1
DA:63,2
DA:64,1
DA:65,1
DA:81,12
DA:82,12
DA:84,12
DA:85,12
DA:86,7
DA:87,7
DA:88,3
DA:89,3
DA:92,9
DA:97,7
DA:99,5
DA:100,5
DA:102,5
DA:103,5
DA:104,7
DA:105,5
DA:107,3
DA:108,2
DA:109,2
DA:112,3
DA:113,3
DA:114,3
DA:119,3
DA:120,3
DA:121,3
DA:123,3
DA:124,3
DA:126,3
DA:127,3
DA:130,3
DA:131,3
DA:133,3
DA:134,3
DA:136,3
DA:140,9
DA:141,9
DA:142,9
DA:143,9
DA:144,9
DA:145,0
DA:146,0
DA:147,0
DA:152,28
DA:153,28
DA:155,28
DA:156,3
DA:157,3
DA:159,3
DA:160,3
DA:161,3
DA:162,3
DA:163,3
DA:165,3
DA:170,2
DA:171,2
DA:172,1
DA:173,2
LF:94
LH:90
BRDA:20,0,0,1
BRDA:20,0,1,29
BRDA:21,1,0,1
BRDA:21,1,1,1
BRDA:22,2,0,1
BRDA:22,2,1,0
BRDA:25,3,0,0
BRDA:25,3,1,29
BRDA:30,4,0,26
BRDA:30,5,0,26
BRDA:30,6,0,26
BRDA:30,7,0,26
BRDA:31,8,0,4
BRDA:31,8,1,22
BRDA:33,9,0,1
BRDA:33,9,1,21
BRDA:50,10,0,5
BRDA:50,11,0,5
BRDA:51,12,0,17
BRDA:51,12,1,11
BRDA:85,13,0,7
BRDA:85,13,1,5
BRDA:87,14,0,3
BRDA:87,14,1,4
BRDA:87,15,0,7
BRDA:87,15,1,3
BRDA:88,16,0,3
BRDA:88,16,1,0
BRDA:97,17,0,2
BRDA:97,17,1,5
BRDA:100,18,0,0
BRDA:100,18,1,5
BRDA:103,19,0,5
BRDA:103,19,1,0
BRDA:105,20,0,2
BRDA:105,20,1,3
BRDA:119,21,0,0
BRDA:119,21,1,3
BRDA:121,22,0,0
BRDA:121,22,1,3
BRDA:140,23,0,0
BRDA:140,23,1,9
BRDA:140,24,0,9
BRDA:140,24,1,9
BRDA:145,25,0,0
BRDA:145,25,1,0
BRDA:155,26,0,3
BRDA:155,26,1,25
BRDA:171,27,0,1
BRDA:171,27,1,1
BRF:50
BRH:40
end_of_record
TN:
SF:src\core\BitController.js
FN:32,constructor
FN:39,setVisual
FN:41,reset
FN:52,orientacao
FN:55,_tileAFrente
FN:61,podeAndar
FN:70,andar
FN:85,girar
FN:92,_avaliarTileAtual
FN:112,comemorar
FNF:10
FNH:8
FNDA:48,constructor
FNDA:0,setVisual
FNDA:83,reset
FNDA:7,orientacao
FNDA:203,_tileAFrente
FNDA:203,podeAndar
FNDA:160,andar
FNDA:299,girar
FNDA:157,_avaliarTileAtual
FNDA:0,comemorar
DA:13,3
DA:14,3
DA:16,3
DA:17,3
DA:20,3
DA:33,48
DA:34,48
DA:35,48
DA:36,48
DA:39,0
DA:42,83
DA:43,83
DA:44,83
DA:45,83
DA:46,83
DA:47,83
DA:48,83
DA:49,83
DA:52,7
DA:56,203
DA:57,203
DA:62,203
DA:63,203
DA:71,160
DA:72,3
DA:73,3
DA:76,157
DA:77,157
DA:78,157
DA:79,157
DA:81,157
DA:86,299
DA:87,299
DA:88,299
DA:93,157
DA:95,157
DA:96,27
DA:97,27
DA:98,27
DA:101,130
DA:102,25
DA:103,23
DA:104,23
DA:106,2
DA:109,105
DA:112,0
LF:46
LH:44
BRDA:32,0,0,48
BRDA:32,1,0,48
BRDA:45,2,0,83
BRDA:45,2,1,0
BRDA:63,3,0,203
BRDA:63,3,1,202
BRDA:71,4,0,3
BRDA:71,4,1,157
BRDA:86,5,0,292
BRDA:86,5,1,7
BRDA:95,6,0,27
BRDA:95,6,1,130
BRDA:95,7,0,157
BRDA:95,7,1,27
BRDA:101,8,0,25
BRDA:101,8,1,105
BRDA:102,9,0,23
BRDA:102,9,1,2
BRF:18
BRH:17
end_of_record
TN:
SF:src\core\BlockEngine.js
FN:31,constructor
FN:37,cancelar
FN:44,comandos
FN:82,_ateChegar
FN:96,executar
FN:123,_executarBloco
FNF:6
FNH:6
FNDA:33,constructor
FNDA:1,cancelar
FNDA:444,comandos
FNDA:7,_ateChegar
FNDA:34,executar
FNDA:436,_executarBloco
DA:20,2
DA:22,2
DA:24,2
DA:32,33
DA:33,33
DA:34,33
DA:37,1
DA:45,444
DA:47,444
DA:48,531
DA:50,32
DA:51,248
DA:52,240
DA:54,24
DA:57,7
DA:58,2
DA:62,40
DA:67,37
DA:70,15
DA:71,7
DA:74,437
DA:77,483
DA:83,7
DA:84,6
DA:85,6
DA:86,107
DA:97,34
DA:98,34
DA:100,34
DA:102,34
DA:103,437
DA:105,437
DA:106,1
DA:109,436
DA:110,436
DA:111,436
DA:113,436
DA:114,435
DA:115,435
DA:118,10
DA:124,436
DA:125,145
DA:126,6
DA:127,285
DA:128,0
DA:134,2
LF:46
LH:45
BRDA:44,0,0,444
BRDA:45,1,0,0
BRDA:45,1,1,444
BRDA:48,2,0,32
BRDA:48,2,1,7
BRDA:48,2,2,40
BRDA:48,2,3,15
BRDA:48,2,4,437
BRDA:52,3,0,0
BRDA:52,3,1,240
BRDA:63,4,0,33
BRDA:63,4,1,7
BRDA:77,5,0,0
BRDA:77,5,1,483
BRDA:77,6,0,483
BRDA:77,6,1,483
BRDA:83,7,0,1
BRDA:83,7,1,6
BRDA:85,8,0,6
BRDA:85,8,1,108
BRDA:85,8,2,108
BRDA:96,9,0,34
BRDA:103,10,0,0
BRDA:103,10,1,437
BRDA:105,11,0,1
BRDA:105,11,1,436
BRDA:113,12,0,1
BRDA:113,12,1,435
BRDA:114,13,0,1
BRDA:114,13,1,434
BRDA:115,14,0,22
BRDA:115,14,1,413
BRDA:118,15,0,0
BRDA:118,15,1,10
BRDA:124,16,0,145
BRDA:124,16,1,6
BRDA:124,16,2,285
BRDA:124,16,3,0
BRF:38
BRH:32
end_of_record
TN:
SF:src\core\GameManager.js
FN:35,constructor
FN:50,on
FN:52,(anonymous_2)
FN:53,(anonymous_3)
FN:57,emit
FN:58,(anonymous_5)
FN:70,setState
FN:77,irParaMenu
FN:78,irParaMapa
FN:79,pausar
FN:80,retomar
FN:84,selecionarFase
FN:94,proximaFaseId
FN:99,temProximaFase
FN:105,resetTentativas
FN:110,registrarFalha
FN:125,calcularEstrelas
FN:132,concluirFase
FN:147,falar
FNF:19
FNH:19
FNDA:27,constructor
FNDA:30,on
FNDA:5,(anonymous_2)
FNDA:9,(anonymous_3)
FNDA:55,emit
FNDA:23,(anonymous_5)
FNDA:15,setState
FNDA:3,irParaMenu
FNDA:1,irParaMapa
FNDA:2,pausar
FNDA:1,retomar
FNDA:7,selecionarFase
FNDA:6,proximaFaseId
FNDA:4,temProximaFase
FNDA:9,resetTentativas
FNDA:11,registrarFalha
FNDA:9,calcularEstrelas
FNDA:3,concluirFase
FNDA:1,falar
DA:13,2
DA:32,2
DA:37,27
DA:38,27
DA:39,27
DA:40,27
DA:41,27
DA:42,27
DA:43,27
DA:44,27
DA:51,30
DA:52,30
DA:53,9
DA:58,55
DA:59,23
DA:60,23
DA:62,1
DA:71,15
DA:72,15
DA:73,14
DA:74,14
DA:77,3
DA:78,1
DA:79,2
DA:80,1
DA:85,7
DA:86,6
DA:87,6
DA:88,7
DA:89,7
DA:90,7
DA:91,7
DA:95,6
DA:96,6
DA:100,4
DA:106,9
DA:107,9
DA:111,11
DA:112,11
DA:113,2
DA:114,2
DA:116,11
DA:126,9
DA:127,9
DA:128,5
DA:129,2
DA:133,3
DA:134,3
DA:135,3
DA:136,3
DA:143,3
DA:148,1
LF:52
LH:52
BRDA:58,0,0,55
BRDA:58,0,1,32
BRDA:72,1,0,1
BRDA:72,1,1,14
BRDA:79,2,0,1
BRDA:79,2,1,1
BRDA:80,3,0,1
BRDA:80,3,1,0
BRDA:85,4,0,1
BRDA:85,4,1,6
BRDA:87,5,0,6
BRDA:87,5,1,0
BRDA:96,6,0,4
BRDA:96,6,1,2
BRDA:96,7,0,6
BRDA:96,7,1,6
BRDA:112,8,0,2
BRDA:112,8,1,9
BRDA:112,9,0,11
BRDA:112,9,1,5
BRDA:126,10,0,9
BRDA:126,10,1,0
BRDA:127,11,0,4
BRDA:127,11,1,5
BRDA:128,12,0,3
BRDA:128,12,1,2
BRDA:147,13,0,1
BRF:27
BRH:24
end_of_record
TN:
SF:src\core\LevelLoader.js
FN:20,constructor
FN:28,carregar
FN:56,validar
FN:70,_validarGrid
FN:77,(anonymous_4)
FN:85,_validarPosicoes
FN:109,_validarBlocos
FN:113,(anonymous_7)
FNF:8
FNH:8
FNDA:37,constructor
FNDA:5,carregar
FNDA:36,validar
FNDA:27,_validarGrid
FNDA:130,(anonymous_4)
FNDA:24,_validarPosicoes
FNDA:21,_validarBlocos
FNDA:70,(anonymous_7)
DA:10,4
DA:12,4
DA:17,4
DA:21,37
DA:29,5
DA:32,4
DA:33,4
DA:34,5
DA:35,4
DA:36,3
DA:38,1
DA:39,1
DA:40,1
DA:43,3
DA:44,3
DA:46,1
DA:47,1
DA:48,1
DA:51,2
DA:52,2
DA:57,36
DA:58,254
DA:61,27
DA:62,27
DA:63,27
DA:65,27
DA:67,18
DA:71,27
DA:72,27
DA:74,26
DA:75,1
DA:77,25
DA:78,130
DA:79,1
DA:86,24
DA:87,24
DA:93,24
DA:94,70
DA:95,69
DA:96,1
DA:98,68
DA:99,1
DA:103,22
DA:104,22
DA:105,1
DA:110,21
DA:111,1
DA:113,70
DA:114,20
DA:115,1
LF:50
LH:50
BRDA:29,0,0,1
BRDA:29,0,1,4
BRDA:33,1,0,4
BRDA:33,1,1,0
BRDA:35,2,0,1
BRDA:35,2,1,3
BRDA:58,3,0,9
BRDA:58,3,1,245
BRDA:65,4,0,1
BRDA:65,4,1,26
BRDA:72,5,0,1
BRDA:72,5,1,26
BRDA:72,6,0,27
BRDA:72,6,1,26
BRDA:74,7,0,1
BRDA:74,7,1,25
BRDA:78,8,0,1
BRDA:78,8,1,129
BRDA:94,9,0,1
BRDA:94,9,1,69
BRDA:95,10,0,1
BRDA:95,10,1,68
BRDA:95,11,0,69
BRDA:95,11,1,69
BRDA:95,11,2,68
BRDA:95,11,3,68
BRDA:98,12,0,1
BRDA:98,12,1,67
BRDA:104,13,0,1
BRDA:104,13,1,21
BRDA:104,14,0,22
BRDA:104,14,1,22
BRDA:110,15,0,1
BRDA:110,15,1,20
BRDA:110,16,0,21
BRDA:110,16,1,21
BRDA:114,17,0,1
BRDA:114,17,1,19
BRF:38
BRH:37
end_of_record
TN:
SF:src\core\Telemetria.js
FN:41,constructor
FN:41,(anonymous_1)
FN:52,_storagePadrao
FN:62,iniciarSessao
FN:73,registrar
FN:83,registrarErro
FN:94,ligarCapturaGlobal
FN:95,(anonymous_7)
FN:97,(anonymous_8)
FN:98,(anonymous_9)
FN:103,(anonymous_10)
FN:110,ligarAoJogo
FN:113,(anonymous_12)
FN:120,(anonymous_13)
FN:127,(anonymous_14)
FN:131,(anonymous_15)
FN:141,(anonymous_16)
FN:141,(anonymous_17)
FN:146,eventos
FN:155,_gravar
FN:169,resumo
FN:173,(anonymous_21)
FN:194,(anonymous_22)
FN:201,(anonymous_23)
FN:207,exportar
FN:211,limpar
FNF:26
FNH:24
FNDA:25,constructor
FNDA:0,(anonymous_1)
FNDA:23,_storagePadrao
FNDA:13,iniciarSessao
FNDA:57,registrar
FNDA:5,registrarErro
FNDA:3,ligarCapturaGlobal
FNDA:1,(anonymous_7)
FNDA:1,(anonymous_8)
FNDA:0,(anonymous_9)
FNDA:2,(anonymous_10)
FNDA:5,ligarAoJogo
FNDA:6,(anonymous_12)
FNDA:5,(anonymous_13)
FNDA:1,(anonymous_14)
FNDA:3,(anonymous_15)
FNDA:1,(anonymous_16)
FNDA:4,(anonymous_17)
FNDA:74,eventos
FNDA:57,_gravar
FNDA:4,resumo
FNDA:6,(anonymous_21)
FNDA:2,(anonymous_22)
FNDA:11,(anonymous_23)
FNDA:1,exportar
FNDA:1,limpar
DA:24,1
DA:25,1
DA:27,1
DA:41,0
DA:42,25
DA:43,25
DA:45,25
DA:46,25
DA:47,25
DA:48,25
DA:49,25
DA:53,23
DA:54,23
DA:56,0
DA:64,13
DA:65,13
DA:68,13
DA:74,57
DA:75,57
DA:76,57
DA:79,57
DA:80,57
DA:84,5
DA:95,3
DA:97,2
DA:98,2
DA:100,2
DA:101,2
DA:103,2
DA:104,2
DA:105,2
DA:111,5
DA:113,5
DA:114,6
DA:115,6
DA:116,6
DA:117,6
DA:120,5
DA:121,5
DA:122,5
DA:127,5
DA:128,1
DA:131,5
DA:132,3
DA:141,5
DA:147,74
DA:148,71
DA:149,71
DA:151,1
DA:156,57
DA:157,56
DA:158,56
DA:159,56
DA:161,1
DA:170,4
DA:171,4
DA:173,6
DA:178,4
DA:179,11
DA:180,2
DA:181,2
DA:182,1
DA:184,1
DA:185,1
DA:188,1
DA:193,4
DA:194,4
DA:196,4
DA:201,11
DA:208,1
DA:212,1
LF:71
LH:69
BRDA:41,0,0,25
BRDA:41,1,0,0
BRDA:41,2,0,25
BRDA:45,3,0,23
BRDA:45,3,1,2
BRDA:54,4,0,23
BRDA:54,4,1,0
BRDA:66,5,0,13
BRDA:66,5,1,0
BRDA:73,6,0,57
BRDA:83,7,0,5
BRDA:86,8,0,5
BRDA:86,8,1,2
BRDA:87,9,0,3
BRDA:87,9,1,2
BRDA:94,10,0,3
BRDA:94,11,0,0
BRDA:94,11,1,0
BRDA:95,12,0,1
BRDA:95,12,1,2
BRDA:97,13,0,1
BRDA:97,13,1,1
BRDA:137,14,0,3
BRDA:137,14,1,0
BRDA:147,15,0,3
BRDA:147,15,1,71
BRDA:149,16,0,71
BRDA:149,16,1,19
BRDA:156,17,0,1
BRDA:156,17,1,56
BRDA:179,18,0,2
BRDA:179,18,1,2
BRDA:179,18,2,1
BRDA:179,18,3,1
BRDA:200,19,0,1
BRDA:200,19,1,3
BRF:36
BRH:30
end_of_record
TN:
SF:src\data\ProgressoStorage.js
FN:13,constructor
FN:17,_testarDisponibilidade
FN:27,vazio
FN:31,carregar
FN:43,salvar
FN:55,_migrar
FN:66,registrarConclusao
FN:81,estrelasDaFase
FN:85,totalEstrelas
FN:87,(anonymous_9)
FN:91,estaDesbloqueada
FN:97,apagarTudo
FNF:12
FNH:12
FNDA:45,constructor
FNDA:45,_testarDisponibilidade
FNDA:19,vazio
FNDA:34,carregar
FNDA:18,salvar
FNDA:15,_migrar
FNDA:16,registrarConclusao
FNDA:9,estrelasDaFase
FNDA:2,totalEstrelas
FNDA:2,(anonymous_9)
FNDA:13,estaDesbloqueada
FNDA:2,apagarTudo
DA:9,3
DA:10,3
DA:14,45
DA:18,45
DA:19,45
DA:20,45
DA:21,45
DA:23,0
DA:28,19
DA:32,34
DA:33,33
DA:34,33
DA:35,33
DA:36,16
DA:38,1
DA:39,1
DA:44,18
DA:45,17
DA:46,17
DA:47,17
DA:49,1
DA:50,1
DA:56,15
DA:57,15
DA:58,15
DA:59,15
DA:67,16
DA:68,16
DA:70,16
DA:75,16
DA:77,16
DA:78,16
DA:82,9
DA:86,2
DA:87,2
DA:92,13
DA:93,13
DA:94,6
DA:98,2
LF:39
LH:38
BRDA:32,0,0,1
BRDA:32,0,1,33
BRDA:35,1,0,17
BRDA:35,1,1,16
BRDA:44,2,0,1
BRDA:44,2,1,17
BRDA:56,3,0,0
BRDA:56,3,1,15
BRDA:56,4,0,15
BRDA:56,4,1,15
BRDA:57,5,0,1
BRDA:57,5,1,14
BRDA:71,6,0,16
BRDA:71,6,1,14
BRDA:72,7,0,16
BRDA:72,7,1,14
BRDA:82,8,0,9
BRDA:82,8,1,3
BRDA:87,9,0,2
BRDA:87,9,1,0
BRDA:93,10,0,7
BRDA:93,10,1,6
BRDA:98,11,0,1
BRDA:98,11,1,1
BRF:24
BRH:22
end_of_record
TN:
SF:src\data\blocos.js
FN:28,setaDeGiro
FN:66,novoBloco
FN:76,ramosDe
FN:81,contarBlocos
FN:83,(anonymous_4)
FN:83,(anonymous_5)
FNF:6
FNH:6
FNDA:10,setaDeGiro
FNDA:22,novoBloco
FNDA:96,ramosDe
FNDA:38,contarBlocos
FNDA:93,(anonymous_4)
FNDA:16,(anonymous_5)
DA:8,5
DA:30,10
DA:31,10
DA:49,5
DA:60,5
DA:63,5
DA:67,22
DA:68,5
DA:69,2
DA:70,4
DA:71,11
DA:77,96
DA:82,38
DA:83,93
LF:14
LH:14
BRDA:30,0,0,5
BRDA:30,0,1,5
BRDA:67,1,0,5
BRDA:67,1,1,2
BRDA:67,1,2,4
BRDA:67,1,3,11
BRF:6
BRH:6
end_of_record
TN:
SF:src\data\mundos.js
FN:52,(anonymous_0)
FN:52,(anonymous_1)
FN:55,(anonymous_2)
FN:55,(anonymous_3)
FNF:4
FNH:4
FNDA:23,(anonymous_0)
FNDA:38,(anonymous_1)
FNDA:6,(anonymous_2)
FNDA:84,(anonymous_3)
DA:17,6
DA:45,6
DA:52,38
DA:55,84
LF:4
LH:4
BRDA:52,0,0,23
BRDA:52,0,1,1
BRF:2
BRH:2
end_of_record
