TN:
SF:src\core\AudioManager.js
FN:10,constructor
FN:19,_acordar
FN:30,nota
FN:50,_melodia
FN:51,(anonymous_4)
FN:56,encaixar
FN:57,remover
FN:58,clique
FN:59,executar
FN:60,passo
FN:61,girar
FN:62,chave
FN:63,vitoria
FN:64,erro
FN:65,estrela
FN:80,tocarMusicaDoMundo
FN:96,_carregarFaixa
FN:118,_tocarFaixa
FN:139,_iniciarMusica
FN:144,(anonymous_19)
FN:151,pararMusica
FN:175,alternar
FNF:22
FNH:21
FNDA:14,constructor
FNDA:30,_acordar
FNDA:26,nota
FNDA:5,_melodia
FNDA:17,(anonymous_4)
FNDA:1,encaixar
FNDA:1,remover
FNDA:3,clique
FNDA:1,executar
FNDA:1,passo
FNDA:1,girar
FNDA:1,chave
FNDA:2,vitoria
FNDA:1,erro
FNDA:1,estrela
FNDA:12,tocarMusicaDoMundo
FNDA:7,_carregarFaixa
FNDA:3,_tocarFaixa
FNDA:9,_iniciarMusica
FNDA:0,(anonymous_19)
FNDA:28,pararMusica
FNDA:2,alternar
DA:11,14
DA:12,14
DA:13,14
DA:14,14
DA:15,14
DA:16,14
DA:20,30
DA:21,1
DA:22,1
DA:23,0
DA:25,29
DA:26,29
DA:31,26
DA:32,22
DA:33,22
DA:35,21
DA:36,21
DA:37,21
DA:39,21
DA:40,21
DA:41,21
DA:42,21
DA:43,21
DA:45,21
DA:46,21
DA:47,21
DA:51,17
DA:56,1
DA:57,1
DA:58,3
DA:59,1
DA:60,1
DA:61,1
DA:62,1
DA:63,2
DA:64,1
DA:65,1
DA:81,12
DA:82,12
DA:84,12
DA:85,12
DA:86,7
DA:87,7
DA:88,3
DA:89,3
DA:92,9
DA:97,7
DA:99,5
DA:100,5
DA:102,5
DA:103,5
DA:104,7
DA:105,5
DA:107,3
DA:108,2
DA:109,2
DA:112,3
DA:113,3
DA:114,3
DA:119,3
DA:120,3
DA:121,3
DA:123,3
DA:124,3
DA:126,3
DA:127,3
DA:130,3
DA:131,3
DA:133,3
DA:134,3
DA:136,3
DA:140,9
DA:141,9
DA:142,9
DA:143,9
DA:144,9
DA:145,0
DA:146,0
DA:147,0
DA:152,28
DA:153,28
DA:155,28
DA:156,3
DA:157,3
DA:159,3
DA:160,3
DA:161,3
DA:162,3
DA:163,3
DA:165,3
DA:176,2
DA:177,2
DA:178,1
DA:179,1
DA:181,1
DA:183,2
LF:96
LH:92
BRDA:20,0,0,1
BRDA:20,0,1,29
BRDA:21,1,0,1
BRDA:21,1,1,1
BRDA:22,2,0,1
BRDA:22,2,1,0
BRDA:25,3,0,0
BRDA:25,3,1,29
BRDA:30,4,0,26
BRDA:30,5,0,26
BRDA:30,6,0,26
BRDA:30,7,0,26
BRDA:31,8,0,4
BRDA:31,8,1,22
BRDA:33,9,0,1
BRDA:33,9,1,21
BRDA:50,10,0,5
BRDA:50,11,0,5
BRDA:51,12,0,17
BRDA:51,12,1,11
BRDA:85,13,0,7
BRDA:85,13,1,5
BRDA:87,14,0,3
BRDA:87,14,1,4
BRDA:87,15,0,7
BRDA:87,15,1,3
BRDA:88,16,0,3
BRDA:88,16,1,0
BRDA:97,17,0,2
BRDA:97,17,1,5
BRDA:100,18,0,0
BRDA:100,18,1,5
BRDA:103,19,0,5
BRDA:103,19,1,0
BRDA:105,20,0,2
BRDA:105,20,1,3
BRDA:119,21,0,0
BRDA:119,21,1,3
BRDA:121,22,0,0
BRDA:121,22,1,3
BRDA:140,23,0,0
BRDA:140,23,1,9
BRDA:140,24,0,9
BRDA:140,24,1,9
BRDA:145,25,0,0
BRDA:145,25,1,0
BRDA:155,26,0,3
BRDA:155,26,1,25
BRDA:175,27,0,2
BRDA:177,28,0,1
BRDA:177,28,1,1
BRDA:179,29,0,1
BRDA:179,29,1,0
BRF:53
BRH:42
end_of_record
TN:
SF:src\core\AuthManager.js
FN:29,constructor
FN:32,(anonymous_1)
FN:39,googleDisponivel
FN:43,logado
FN:49,entrarComoConvidado
FN:68,renderizarBotao
FN:74,(anonymous_6)
FN:92,_aplicarCredencial
FN:107,sair
FN:115,obterToken
FN:121,_lerSessao
FN:131,_gravarSessao
FN:139,_pronto
FN:140,(anonymous_13)
FN:148,_injetarGis
FN:149,(anonymous_15)
FN:156,(anonymous_16)
FN:157,(anonymous_17)
FN:174,decodificarJwt
FN:180,(anonymous_19)
FNF:20
FNH:15
FNDA:10,constructor
FNDA:0,(anonymous_1)
FNDA:5,googleDisponivel
FNDA:2,logado
FNDA:3,entrarComoConvidado
FNDA:3,renderizarBotao
FNDA:1,(anonymous_6)
FNDA:1,_aplicarCredencial
FNDA:1,sair
FNDA:2,obterToken
FNDA:10,_lerSessao
FNDA:4,_gravarSessao
FNDA:2,_pronto
FNDA:1,(anonymous_13)
FNDA:0,_injetarGis
FNDA:0,(anonymous_15)
FNDA:0,(anonymous_16)
FNDA:0,(anonymous_17)
FNDA:4,decodificarJwt
FNDA:146,(anonymous_19)
DA:19,1
DA:20,1
DA:30,10
DA:31,10
DA:32,10
DA:33,10
DA:34,10
DA:35,10
DA:40,5
DA:44,2
DA:50,3
DA:51,3
DA:58,3
DA:59,3
DA:69,3
DA:70,2
DA:71,2
DA:72,1
DA:75,1
DA:76,1
DA:78,0
DA:82,1
DA:87,1
DA:93,1
DA:94,1
DA:95,1
DA:96,1
DA:103,1
DA:104,1
DA:108,1
DA:109,1
DA:110,1
DA:111,1
DA:116,2
DA:122,10
DA:123,10
DA:124,10
DA:125,10
DA:127,1
DA:132,4
DA:133,4
DA:140,2
DA:141,1
DA:142,1
DA:143,1
DA:145,2
DA:149,0
DA:150,0
DA:151,0
DA:152,0
DA:154,0
DA:155,0
DA:156,0
DA:157,0
DA:159,0
DA:160,0
DA:161,0
DA:162,0
DA:163,0
DA:175,4
DA:176,4
DA:178,3
DA:179,3
DA:180,146
DA:181,3
LF:65
LH:51
BRDA:29,0,0,10
BRDA:29,1,0,10
BRDA:31,2,0,10
BRDA:31,2,1,0
BRDA:31,3,0,0
BRDA:31,3,1,0
BRDA:32,4,0,10
BRDA:32,4,1,0
BRDA:69,5,0,1
BRDA:69,5,1,2
BRDA:93,6,0,0
BRDA:93,6,1,1
BRDA:98,7,0,1
BRDA:98,7,1,0
BRDA:98,7,2,0
BRDA:99,8,0,1
BRDA:99,8,1,0
BRDA:100,9,0,1
BRDA:100,9,1,0
BRDA:124,10,0,3
BRDA:124,10,1,7
BRDA:125,11,0,1
BRDA:125,11,1,8
BRDA:125,12,0,10
BRDA:125,12,1,2
BRDA:125,12,2,1
BRDA:142,13,0,0
BRDA:142,13,1,1
BRDA:150,14,0,0
BRDA:150,14,1,0
BRDA:152,15,0,0
BRDA:152,15,1,0
BRDA:155,16,0,0
BRDA:155,16,1,0
BRDA:159,17,0,0
BRDA:159,17,1,0
BRDA:176,18,0,1
BRDA:176,18,1,3
BRF:38
BRH:20
end_of_record
TN:
SF:src\core\BitController.js
FN:32,constructor
FN:39,setVisual
FN:41,reset
FN:52,orientacao
FN:55,_tileAFrente
FN:61,podeAndar
FN:70,andar
FN:85,girar
FN:92,_avaliarTileAtual
FN:112,comemorar
FNF:10
FNH:8
FNDA:48,constructor
FNDA:0,setVisual
FNDA:83,reset
FNDA:7,orientacao
FNDA:203,_tileAFrente
FNDA:203,podeAndar
FNDA:160,andar
FNDA:299,girar
FNDA:157,_avaliarTileAtual
FNDA:0,comemorar
DA:13,3
DA:14,3
DA:16,3
DA:17,3
DA:20,3
DA:33,48
DA:34,48
DA:35,48
DA:36,48
DA:39,0
DA:42,83
DA:43,83
DA:44,83
DA:45,83
DA:46,83
DA:47,83
DA:48,83
DA:49,83
DA:52,7
DA:56,203
DA:57,203
DA:62,203
DA:63,203
DA:71,160
DA:72,3
DA:73,3
DA:76,157
DA:77,157
DA:78,157
DA:79,157
DA:81,157
DA:86,299
DA:87,299
DA:88,299
DA:93,157
DA:95,157
DA:96,27
DA:97,27
DA:98,27
DA:101,130
DA:102,25
DA:103,23
DA:104,23
DA:106,2
DA:109,105
DA:112,0
LF:46
LH:44
BRDA:32,0,0,48
BRDA:32,1,0,48
BRDA:45,2,0,83
BRDA:45,2,1,0
BRDA:63,3,0,203
BRDA:63,3,1,202
BRDA:71,4,0,3
BRDA:71,4,1,157
BRDA:86,5,0,292
BRDA:86,5,1,7
BRDA:95,6,0,27
BRDA:95,6,1,130
BRDA:95,7,0,157
BRDA:95,7,1,27
BRDA:101,8,0,25
BRDA:101,8,1,105
BRDA:102,9,0,23
BRDA:102,9,1,2
BRF:18
BRH:17
end_of_record
TN:
SF:src\core\BlockEngine.js
FN:31,constructor
FN:37,cancelar
FN:44,comandos
FN:82,_ateChegar
FN:96,executar
FN:123,_executarBloco
FNF:6
FNH:6
FNDA:33,constructor
FNDA:1,cancelar
FNDA:444,comandos
FNDA:7,_ateChegar
FNDA:34,executar
FNDA:436,_executarBloco
DA:20,2
DA:22,2
DA:24,2
DA:32,33
DA:33,33
DA:34,33
DA:37,1
DA:45,444
DA:47,444
DA:48,531
DA:50,32
DA:51,248
DA:52,240
DA:54,24
DA:57,7
DA:58,2
DA:62,40
DA:67,37
DA:70,15
DA:71,7
DA:74,437
DA:77,483
DA:83,7
DA:84,6
DA:85,6
DA:86,107
DA:97,34
DA:98,34
DA:100,34
DA:102,34
DA:103,437
DA:105,437
DA:106,1
DA:109,436
DA:110,436
DA:111,436
DA:113,436
DA:114,435
DA:115,435
DA:118,10
DA:124,436
DA:125,145
DA:126,6
DA:127,285
DA:128,0
DA:134,2
LF:46
LH:45
BRDA:44,0,0,444
BRDA:45,1,0,0
BRDA:45,1,1,444
BRDA:48,2,0,32
BRDA:48,2,1,7
BRDA:48,2,2,40
BRDA:48,2,3,15
BRDA:48,2,4,437
BRDA:52,3,0,0
BRDA:52,3,1,240
BRDA:63,4,0,33
BRDA:63,4,1,7
BRDA:77,5,0,0
BRDA:77,5,1,483
BRDA:77,6,0,483
BRDA:77,6,1,483
BRDA:83,7,0,1
BRDA:83,7,1,6
BRDA:85,8,0,6
BRDA:85,8,1,108
BRDA:85,8,2,108
BRDA:96,9,0,34
BRDA:103,10,0,0
BRDA:103,10,1,437
BRDA:105,11,0,1
BRDA:105,11,1,436
BRDA:113,12,0,1
BRDA:113,12,1,435
BRDA:114,13,0,1
BRDA:114,13,1,434
BRDA:115,14,0,22
BRDA:115,14,1,413
BRDA:118,15,0,0
BRDA:118,15,1,10
BRDA:124,16,0,145
BRDA:124,16,1,6
BRDA:124,16,2,285
BRDA:124,16,3,0
BRF:38
BRH:32
end_of_record
TN:
SF:src\core\GameManager.js
FN:36,constructor
FN:53,on
FN:55,(anonymous_2)
FN:56,(anonymous_3)
FN:60,emit
FN:61,(anonymous_5)
FN:73,setState
FN:80,irParaLogin
FN:81,irParaMenu
FN:82,irParaMapa
FN:85,setUsuario
FN:88,pausar
FN:89,retomar
FN:93,selecionarFase
FN:103,proximaFaseId
FN:108,temProximaFase
FN:114,resetTentativas
FN:119,registrarFalha
FN:134,calcularEstrelas
FN:141,concluirFase
FN:156,falar
FNF:21
FNH:19
FNDA:27,constructor
FNDA:30,on
FNDA:5,(anonymous_2)
FNDA:9,(anonymous_3)
FNDA:55,emit
FNDA:23,(anonymous_5)
FNDA:15,setState
FNDA:0,irParaLogin
FNDA:3,irParaMenu
FNDA:1,irParaMapa
FNDA:0,setUsuario
FNDA:2,pausar
FNDA:1,retomar
FNDA:7,selecionarFase
FNDA:6,proximaFaseId
FNDA:4,temProximaFase
FNDA:9,resetTentativas
FNDA:11,registrarFalha
FNDA:9,calcularEstrelas
FNDA:3,concluirFase
FNDA:1,falar
DA:13,2
DA:33,2
DA:38,27
DA:40,27
DA:41,27
DA:42,27
DA:43,27
DA:44,27
DA:45,27
DA:46,27
DA:47,27
DA:54,30
DA:55,30
DA:56,9
DA:61,55
DA:62,23
DA:63,23
DA:65,1
DA:74,15
DA:75,15
DA:76,14
DA:77,14
DA:80,0
DA:81,3
DA:82,1
DA:86,0
DA:88,2
DA:89,1
DA:94,7
DA:95,6
DA:96,6
DA:97,7
DA:98,7
DA:99,7
DA:100,7
DA:104,6
DA:105,6
DA:109,4
DA:115,9
DA:116,9
DA:120,11
DA:121,11
DA:122,2
DA:123,2
DA:125,11
DA:135,9
DA:136,9
DA:137,5
DA:138,2
DA:142,3
DA:143,3
DA:144,3
DA:145,3
DA:152,3
DA:157,1
LF:55
LH:53
BRDA:61,0,0,55
BRDA:61,0,1,32
BRDA:75,1,0,1
BRDA:75,1,1,14
BRDA:86,2,0,0
BRDA:86,2,1,0
BRDA:88,3,0,1
BRDA:88,3,1,1
BRDA:89,4,0,1
BRDA:89,4,1,0
BRDA:94,5,0,1
BRDA:94,5,1,6
BRDA:96,6,0,6
BRDA:96,6,1,0
BRDA:105,7,0,4
BRDA:105,7,1,2
BRDA:105,8,0,6
BRDA:105,8,1,6
BRDA:121,9,0,2
BRDA:121,9,1,9
BRDA:121,10,0,11
BRDA:121,10,1,5
BRDA:135,11,0,9
BRDA:135,11,1,0
BRDA:136,12,0,4
BRDA:136,12,1,5
BRDA:137,13,0,3
BRDA:137,13,1,2
BRDA:156,14,0,1
BRF:29
BRH:24
end_of_record
TN:
SF:src\core\LevelLoader.js
FN:20,constructor
FN:28,carregar
FN:56,validar
FN:70,_validarGrid
FN:77,(anonymous_4)
FN:85,_validarPosicoes
FN:109,_validarBlocos
FN:113,(anonymous_7)
FNF:8
FNH:8
FNDA:37,constructor
FNDA:5,carregar
FNDA:36,validar
FNDA:27,_validarGrid
FNDA:130,(anonymous_4)
FNDA:24,_validarPosicoes
FNDA:21,_validarBlocos
FNDA:70,(anonymous_7)
DA:10,4
DA:12,4
DA:17,4
DA:21,37
DA:29,5
DA:32,4
DA:33,4
DA:34,5
DA:35,4
DA:36,3
DA:38,1
DA:39,1
DA:40,1
DA:43,3
DA:44,3
DA:46,1
DA:47,1
DA:48,1
DA:51,2
DA:52,2
DA:57,36
DA:58,254
DA:61,27
DA:62,27
DA:63,27
DA:65,27
DA:67,18
DA:71,27
DA:72,27
DA:74,26
DA:75,1
DA:77,25
DA:78,130
DA:79,1
DA:86,24
DA:87,24
DA:93,24
DA:94,70
DA:95,69
DA:96,1
DA:98,68
DA:99,1
DA:103,22
DA:104,22
DA:105,1
DA:110,21
DA:111,1
DA:113,70
DA:114,20
DA:115,1
LF:50
LH:50
BRDA:29,0,0,1
BRDA:29,0,1,4
BRDA:33,1,0,4
BRDA:33,1,1,0
BRDA:35,2,0,1
BRDA:35,2,1,3
BRDA:58,3,0,9
BRDA:58,3,1,245
BRDA:65,4,0,1
BRDA:65,4,1,26
BRDA:72,5,0,1
BRDA:72,5,1,26
BRDA:72,6,0,27
BRDA:72,6,1,26
BRDA:74,7,0,1
BRDA:74,7,1,25
BRDA:78,8,0,1
BRDA:78,8,1,129
BRDA:94,9,0,1
BRDA:94,9,1,69
BRDA:95,10,0,1
BRDA:95,10,1,68
BRDA:95,11,0,69
BRDA:95,11,1,69
BRDA:95,11,2,68
BRDA:95,11,3,68
BRDA:98,12,0,1
BRDA:98,12,1,67
BRDA:104,13,0,1
BRDA:104,13,1,21
BRDA:104,14,0,22
BRDA:104,14,1,22
BRDA:110,15,0,1
BRDA:110,15,1,20
BRDA:110,16,0,21
BRDA:110,16,1,21
BRDA:114,17,0,1
BRDA:114,17,1,19
BRF:38
BRH:37
end_of_record
TN:
SF:src\core\Telemetria.js
FN:41,constructor
FN:41,(anonymous_1)
FN:52,_storagePadrao
FN:62,iniciarSessao
FN:73,registrar
FN:83,registrarErro
FN:94,ligarCapturaGlobal
FN:95,(anonymous_7)
FN:97,(anonymous_8)
FN:98,(anonymous_9)
FN:103,(anonymous_10)
FN:110,ligarAoJogo
FN:113,(anonymous_12)
FN:120,(anonymous_13)
FN:127,(anonymous_14)
FN:131,(anonymous_15)
FN:141,(anonymous_16)
FN:141,(anonymous_17)
FN:146,eventos
FN:155,_gravar
FN:169,resumo
FN:173,(anonymous_21)
FN:194,(anonymous_22)
FN:201,(anonymous_23)
FN:207,exportar
FN:211,limpar
FNF:26
FNH:24
FNDA:25,constructor
FNDA:0,(anonymous_1)
FNDA:23,_storagePadrao
FNDA:13,iniciarSessao
FNDA:57,registrar
FNDA:5,registrarErro
FNDA:3,ligarCapturaGlobal
FNDA:1,(anonymous_7)
FNDA:1,(anonymous_8)
FNDA:0,(anonymous_9)
FNDA:2,(anonymous_10)
FNDA:5,ligarAoJogo
FNDA:6,(anonymous_12)
FNDA:5,(anonymous_13)
FNDA:1,(anonymous_14)
FNDA:3,(anonymous_15)
FNDA:1,(anonymous_16)
FNDA:4,(anonymous_17)
FNDA:74,eventos
FNDA:57,_gravar
FNDA:4,resumo
FNDA:6,(anonymous_21)
FNDA:2,(anonymous_22)
FNDA:11,(anonymous_23)
FNDA:1,exportar
FNDA:1,limpar
DA:24,1
DA:25,1
DA:27,1
DA:41,0
DA:42,25
DA:43,25
DA:45,25
DA:46,25
DA:47,25
DA:48,25
DA:49,25
DA:53,23
DA:54,23
DA:56,0
DA:64,13
DA:65,13
DA:68,13
DA:74,57
DA:75,57
DA:76,57
DA:79,57
DA:80,57
DA:84,5
DA:95,3
DA:97,2
DA:98,2
DA:100,2
DA:101,2
DA:103,2
DA:104,2
DA:105,2
DA:111,5
DA:113,5
DA:114,6
DA:115,6
DA:116,6
DA:117,6
DA:120,5
DA:121,5
DA:122,5
DA:127,5
DA:128,1
DA:131,5
DA:132,3
DA:141,5
DA:147,74
DA:148,71
DA:149,71
DA:151,1
DA:156,57
DA:157,56
DA:158,56
DA:159,56
DA:161,1
DA:170,4
DA:171,4
DA:173,6
DA:178,4
DA:179,11
DA:180,2
DA:181,2
DA:182,1
DA:184,1
DA:185,1
DA:188,1
DA:193,4
DA:194,4
DA:196,4
DA:201,11
DA:208,1
DA:212,1
LF:71
LH:69
BRDA:41,0,0,25
BRDA:41,1,0,0
BRDA:41,2,0,25
BRDA:45,3,0,23
BRDA:45,3,1,2
BRDA:54,4,0,23
BRDA:54,4,1,0
BRDA:66,5,0,13
BRDA:66,5,1,0
BRDA:73,6,0,57
BRDA:83,7,0,5
BRDA:86,8,0,5
BRDA:86,8,1,2
BRDA:87,9,0,3
BRDA:87,9,1,2
BRDA:94,10,0,3
BRDA:94,11,0,0
BRDA:94,11,1,0
BRDA:95,12,0,1
BRDA:95,12,1,2
BRDA:97,13,0,1
BRDA:97,13,1,1
BRDA:137,14,0,3
BRDA:137,14,1,0
BRDA:147,15,0,3
BRDA:147,15,1,71
BRDA:149,16,0,71
BRDA:149,16,1,19
BRDA:156,17,0,1
BRDA:156,17,1,56
BRDA:179,18,0,2
BRDA:179,18,1,2
BRDA:179,18,2,1
BRDA:179,18,3,1
BRDA:200,19,0,1
BRDA:200,19,1,3
BRF:36
BRH:30
end_of_record
TN:
SF:src\data\ProgressoStorage.js
FN:23,constructor
FN:34,_testarDisponibilidade
FN:50,definirContexto
FN:62,sincronizar
FN:88,vazio
FN:92,carregar
FN:105,salvar
FN:111,_gravarLocal
FN:123,_empurrarRemoto
FN:126,(anonymous_9)
FN:127,(anonymous_10)
FN:128,(anonymous_11)
FN:134,_temFases
FN:139,_migrar
FN:150,registrarConclusao
FN:165,estrelasDaFase
FN:169,totalEstrelas
FN:171,(anonymous_17)
FN:175,estaDesbloqueada
FN:181,apagarTudo
FN:184,(anonymous_20)
FNF:21
FNH:20
FNDA:54,constructor
FNDA:54,_testarDisponibilidade
FNDA:8,definirContexto
FNDA:4,sincronizar
FNDA:28,vazio
FNDA:48,carregar
FNDA:25,salvar
FNDA:26,_gravarLocal
FNDA:26,_empurrarRemoto
FNDA:6,(anonymous_9)
FNDA:5,(anonymous_10)
FNDA:1,(anonymous_11)
FNDA:4,_temFases
FNDA:21,_migrar
FNDA:23,registrarConclusao
FNDA:11,estrelasDaFase
FNDA:3,totalEstrelas
FNDA:2,(anonymous_17)
FNDA:13,estaDesbloqueada
FNDA:3,apagarTudo
FNDA:0,(anonymous_20)
DA:19,4
DA:20,4
DA:24,54
DA:27,54
DA:29,54
DA:31,54
DA:35,54
DA:36,54
DA:37,54
DA:38,54
DA:40,0
DA:51,8
DA:52,8
DA:53,8
DA:63,4
DA:65,3
DA:66,3
DA:67,3
DA:69,1
DA:70,1
DA:73,2
DA:74,2
DA:75,2
DA:77,2
DA:78,1
DA:79,1
DA:80,1
DA:82,1
DA:83,1
DA:85,1
DA:89,28
DA:93,48
DA:94,47
DA:95,47
DA:96,47
DA:97,21
DA:99,1
DA:100,1
DA:106,25
DA:107,25
DA:108,25
DA:112,26
DA:113,25
DA:114,25
DA:115,25
DA:117,1
DA:118,1
DA:124,26
DA:125,6
DA:126,6
DA:127,5
DA:129,1
DA:130,1
DA:135,4
DA:140,21
DA:141,21
DA:142,21
DA:143,21
DA:151,23
DA:152,23
DA:154,23
DA:159,23
DA:161,23
DA:162,23
DA:166,11
DA:170,3
DA:171,2
DA:176,13
DA:177,13
DA:178,6
DA:182,3
DA:183,3
DA:184,1
DA:185,0
LF:74
LH:72
BRDA:50,0,0,8
BRDA:51,1,0,8
BRDA:51,1,1,0
BRDA:52,2,0,8
BRDA:52,2,1,2
BRDA:63,3,0,1
BRDA:63,3,1,3
BRDA:77,4,0,1
BRDA:77,4,1,1
BRDA:82,5,0,1
BRDA:82,5,1,0
BRDA:93,6,0,1
BRDA:93,6,1,47
BRDA:96,7,0,26
BRDA:96,7,1,21
BRDA:112,8,0,1
BRDA:112,8,1,25
BRDA:124,9,0,20
BRDA:124,9,1,6
BRDA:135,10,0,4
BRDA:135,10,1,3
BRDA:135,11,0,3
BRDA:135,11,1,0
BRDA:140,12,0,0
BRDA:140,12,1,21
BRDA:140,13,0,21
BRDA:140,13,1,21
BRDA:141,14,0,1
BRDA:141,14,1,20
BRDA:155,15,0,23
BRDA:155,15,1,21
BRDA:156,16,0,23
BRDA:156,16,1,21
BRDA:166,17,0,11
BRDA:166,17,1,3
BRDA:171,18,0,2
BRDA:171,18,1,0
BRDA:177,19,0,7
BRDA:177,19,1,6
BRDA:182,20,0,2
BRDA:182,20,1,1
BRDA:183,21,0,1
BRDA:183,21,1,2
BRF:43
BRH:38
end_of_record
TN:
SF:src\data\blocos.js
FN:28,setaDeGiro
FN:66,novoBloco
FN:76,ramosDe
FN:81,contarBlocos
FN:83,(anonymous_4)
FN:83,(anonymous_5)
FNF:6
FNH:6
FNDA:10,setaDeGiro
FNDA:22,novoBloco
FNDA:96,ramosDe
FNDA:38,contarBlocos
FNDA:93,(anonymous_4)
FNDA:16,(anonymous_5)
DA:8,5
DA:30,10
DA:31,10
DA:49,5
DA:60,5
DA:63,5
DA:67,22
DA:68,5
DA:69,2
DA:70,4
DA:71,11
DA:77,96
DA:82,38
DA:83,93
LF:14
LH:14
BRDA:30,0,0,5
BRDA:30,0,1,5
BRDA:67,1,0,5
BRDA:67,1,1,2
BRDA:67,1,2,4
BRDA:67,1,3,11
BRF:6
BRH:6
end_of_record
TN:
SF:src\data\criarBackendRemoto.js
FN:17,criarBackendRemoto
FN:23,(anonymous_1)
FNF:2
FNH:1
FNDA:4,criarBackendRemoto
FNDA:0,(anonymous_1)
DA:18,4
DA:19,3
DA:21,1
DA:23,0
LF:4
LH:3
BRDA:18,0,0,1
BRDA:18,0,1,3
BRDA:19,1,0,2
BRDA:19,1,1,1
BRDA:19,2,0,3
BRDA:19,2,1,2
BRF:6
BRH:6
end_of_record
TN:
SF:src\data\mundos.js
FN:52,(anonymous_0)
FN:52,(anonymous_1)
FN:55,(anonymous_2)
FN:55,(anonymous_3)
FNF:4
FNH:4
FNDA:23,(anonymous_0)
FNDA:38,(anonymous_1)
FNDA:6,(anonymous_2)
FNDA:84,(anonymous_3)
DA:17,7
DA:45,7
DA:52,38
DA:55,84
LF:4
LH:4
BRDA:52,0,0,23
BRDA:52,0,1,1
BRF:2
BRH:2
end_of_record
TN:
SF:src\data\backends\ApiBackend.js
FN:24,constructor
FN:27,(anonymous_1)
FN:32,buscar
FN:39,persistir
FN:45,limpar
FN:51,_req
FNF:6
FNH:5
FNDA:11,constructor
FNDA:0,(anonymous_1)
FNDA:4,buscar
FNDA:2,persistir
FNDA:2,limpar
FNDA:8,_req
DA:25,11
DA:26,10
DA:27,10
DA:28,11
DA:29,11
DA:33,4
DA:34,3
DA:35,2
DA:36,1
DA:40,2
DA:41,2
DA:42,1
DA:46,2
DA:47,2
DA:48,2
DA:52,8
DA:53,8
DA:55,7
DA:56,7
LF:19
LH:19
BRDA:24,0,0,11
BRDA:25,1,0,1
BRDA:25,1,1,10
BRDA:27,2,0,10
BRDA:27,2,1,0
BRDA:28,3,0,11
BRDA:28,3,1,1
BRDA:28,4,0,1
BRDA:28,4,1,0
BRDA:29,5,0,0
BRDA:29,5,1,11
BRDA:34,6,0,1
BRDA:34,6,1,2
BRDA:35,7,0,1
BRDA:35,7,1,1
BRDA:41,8,0,1
BRDA:41,8,1,1
BRDA:47,9,0,0
BRDA:47,9,1,2
BRDA:47,10,0,2
BRDA:47,10,1,1
BRDA:53,11,0,1
BRDA:53,11,1,7
BRDA:60,12,0,2
BRDA:60,12,1,5
BRDA:62,13,0,2
BRDA:62,13,1,5
BRF:27
BRH:23
end_of_record
